17:43:48 130560 130560 0 0 0 0
17:44:48 15203840 15203840 0 0 0 0
17:45:48 30277164 30277164 0 0 0 0
17:46:48 41356952 40337188 0 0 0 1019764
17:47:48 48285868 45339224 0 0 0 2946644
17:48:48 55237500 50364236 0 0 0 4873264
17:49:48 62178844 55378908 0 0 0 6799936
17:50:48 69117932 60391560 0 0 0 8726372
17:51:48 75975032 65339504 0 0 0 10636412
17:52:48 82584612 70118052 0 0 0 12466560
17:53:48 89530124 75136960 0 0 0 14393164
17:54:48 94724996 78247564 0 0 0 16477432
17:55:48 100293400 81707324 0 0 0 18586076
17:56:49 105486132 84860084 0 0 0 20626048
17:57:49 110520772 87784484 0 0 0 22743420
17:58:49 115847012 91044596 0 0 0 24808272
17:59:49 121482088 94566132 0 0 0 26915956
18:00:49 126668104 97712188 0 0 0 28955916
18:01:49 131902344 100794568 0 0 0 31107776
18:02:49 137469600 104263996 0 0 0 33205604
18:03:49 142643664 107398400 0 0 0 35245264
18:04:49 145891952 108946632 0 0 0 36945320
18:05:49 147456988 108981648 0 0 0 38475340
18:06:49 148973252 108967916 0 0 0 40005336
18:07:49 150517544 108982608 0 0 0 41534936
18:08:49 151709404 108696988 0 0 0 43012416
18:09:49 152790464 108327388 0 0 0 44465400
18:10:49 154937756 108982864 0 0 0 45954892
18:11:49 156448664 108963812 0 0 0 47484852
18:12:49 157062576 108198172 0 0 0 48866752
18:13:49 159357348 108982516 0 0 0 50374832
18:14:49 160822456 108922416 0 0 0 51900040
18:15:49 162221980 108957644 0 0 0 53264336
18:16:49 163777544 108983152 0 0 0 54794392
18:17:49 165284300 108959876 0 0 0 56324424
18:18:49 166837312 108983216 0 0 0 57854096
18:19:49 167292172 107908200 0 0 0 59383972
18:20:49 167662408 106748864 0 0 0 60913544
18:21:49 167238340 104783196 0 0 0 62457136
18:22:49 167675256 103669264 0 0 0 64005992
18:23:49 168686152 103182760 0 0 0 65503392
18:24:49 169065600 102032632 0 0 0 67032968
18:25:49 169168976 100487360 0 0 0 68686044
18:26:49 169768552 99506368 0 0 0 70262184
18:27:49 170157076 98364932 0 0 0 71792144
18:28:49 170102396 96857952 0 0 0 73246856
18:29:49 170858684 96007016 0 0 0 74851668
18:30:49 171162800 94781172 0 0 0 76381628
18:31:49 171560540 93649272 0 0 0 77911268
18:32:49 171856900 92415788 0 0 0 79441112
18:33:49 172320988 91010132 0 0 0 81310856
18:34:49 172788940 89438912 0 0 0 83350028
18:35:49 173257964 87868424 0 0 0 85389540
18:36:49 173726956 86298260 0 0 0 87428696
18:37:49 174196152 84728320 0 0 0 89467832
18:38:49 173943576 82436104 0 0 0 91507472
18:39:49 174613584 81011172 0 0 0 93606764
18:40:49 175600820 80014248 0 0 0 95586572
18:41:49 175862672 78115684 0 0 0 97748952
18:42:49 176514364 76679060 0 0 0 99835304
18:43:49 176242852 73697272 0 0 0 102547536
18:44:49 175431128 65443396 0 0 0 109987732
18:45:49 174139092 57189696 0 0 0 116949396
18:46:49 172627936 48345468 0 0 0 124293052
18:47:49 171463792 40091828 0 0 0 131371964
18:48:50 170172272 31837908 0 0 0 138334364
18:49:50 168788760 22994344 0 0 0 145794416
18:50:50 167496884 14740128 0 0 0 152756756
18:51:50 166205072 6485780 0 0 0 159719292
18:52:50 165190772 0 0 0 0 165190772
18:53:50 165190772 0 0 0 0 165190772
18:54:50 165190772 0 0 0 0 165190772
18:55:50 165190772 0 0 0 0 165190772
18:56:50 169177804 0 3987032 0 0 165190772
18:57:50 174459664 0 9268892 0 0 165190772
18:58:50 179740784 0 14550012 0 0 165190772
18:59:50 185022580 0 19831808 0 0 165190772
19:00:50 190303348 0 25112576 0 0 165190772
19:01:50 195526636 0 30337024 0 0 165190772
19:02:50 200865908 0 35675136 0 0 165190772
19:03:50 179689920 0 36246944 0 0 143442976
19:04:50 179689920 0 36246944 0 0 143442976
19:05:50 184765472 0 41322496 0 0 143442976
19:06:50 189946996 0 46504020 0 0 143442976
19:07:50 195024316 0 51581340 0 0 143442976
19:08:50 200185280 0 56745376 0 0 143442976
19:09:50 205286848 0 61844896 0 0 143442976
19:10:50 210464192 0 67021216 0 0 143442976
19:11:50 192427000 0 70737844 0 0 121689156
19:12:50 192427000 0 70737844 0 0 121689156
19:13:50 194630236 0 72941080 0 0 121689156
19:14:50 199983708 0 78294552 0 0 121689156
19:15:50 205337588 0 83648432 0 0 121689156
19:16:50 210586616 0 88897460 0 0 121689156
19:17:50 215939064 0 94249908 0 0 121689156
19:18:50 221188088 0 99498932 0 0 121689156
19:19:50 204512844 0 104580532 0 0 99932312
19:20:50 204512844 0 104580532 0 0 99932312
19:21:50 205453488 0 105521176 0 0 99932312
19:22:50 210790576 0 110858264 0 0 99932312
19:23:50 216023296 0 116090984 0 0 99932312
19:24:50 221256264 0 121323952 0 0 99932312
19:25:50 226593356 0 126661044 0 0 99932312
19:26:50 231825996 0 131893684 0 0 99932312
19:27:50 237058636 0 137126324 0 0 99932312
19:28:50 216344168 0 138170556 0 0 78173612
19:29:50 216344168 0 138170556 0 0 78173612
19:30:50 221255884 0 143082272 0 0 78173612
19:31:50 226482464 0 148308852 0 0 78173612
19:32:50 231709284 0 153535672 0 0 78173612
19:33:50 236934756 0 158762168 0 0 78173612
19:34:50 242227812 0 164058296 0 0 78173612
19:35:50 247492196 0 169318584 0 0 78173612
19:36:51 228526800 0 169034724 3077632 0 56414440
19:37:51 229508940 0 164113504 8980992 0 56414440
19:38:51 230167408 0 158864180 14891856 0 56414440
19:39:51 231381180 0 153942992 21025792 0 56414440
19:40:51 232475020 0 149021856 27041792 0 56414440
19:41:51 233522724 0 144100664 33007616 0 56414440
19:42:51 234499932 0 139179632 38905856 0 56414440
19:43:51 220376756 0 138170556 38236624 0 41907928
19:44:51 220574136 0 138170556 35712796 0 41907928
19:45:51 220800424 0 138170556 33115596 0 41907928
19:46:51 221039824 0 138170556 30539112 0 41907928
19:47:51 221268724 0 138170556 27828408 0 41907928
19:48:51 220154032 0 136198516 27556680 0 41907928
19:49:51 217671132 0 132254412 29017884 0 41907928
19:50:51 215478652 0 128638556 30451500 0 41907928
19:51:51 213435256 0 125023100 32013320 0 41907928
19:52:51 211280864 0 121407504 33474524 0 41907928
19:53:51 209126468 0 117791904 34935728 0 41907928
19:54:51 206972576 0 114176808 36396932 0 41907928
19:55:51 204489700 0 110232728 37858136 0 41907928
19:56:51 202335984 0 106617808 39319340 0 41907928
19:57:51 201227772 0 104580532 39411752 0 41907928
19:58:51 201076740 0 104580532 36831452 0 41907928
19:59:51 201296072 0 104580532 34460192 0 41907928
20:00:51 201330068 0 104580532 31984232 0 41907928
20:01:51 201455848 0 104580532 29432552 0 41907928
20:02:51 201387484 0 104580532 26766748 0 41907928
20:03:51 199275964 0 100948776 28274444 0 41907928
20:04:51 197132212 0 97317196 29762272 0 41907928
20:05:51 194988864 0 93685692 31250428 0 41907928
20:06:51 192843808 0 90053832 32737232 0 41907928
20:07:51 190699756 0 86421952 34225060 0 41907928
20:08:51 188542812 0 82790492 35699576 0 41907928
20:09:51 186329560 0 79159044 37117772 0 41907928
20:10:52 184183464 0 75527164 38603556 0 41907928
20:11:52 181709648 0 71565520 40091384 0 41907928
20:12:52 181417992 0 70737844 39119328 0 41907928
20:13:52 181375984 0 70737844 36563612 0 41907928
20:14:52 181104712 0 70737844 33725220 0 41907928
20:15:52 181493664 0 70737844 31486304 0 41907928
20:16:52 181547580 0 70737844 28859000 0 41907928
20:17:52 180692580 0 69401952 27481280 0 41907928
20:18:52 178487412 0 65728412 28949652 0 41907928
20:19:52 176367140 0 62054656 30503136 0 41907928
20:20:52 174240948 0 58381032 32050568 0 41907928
20:21:52 172041860 0 54707424 33525088 0 41907928
20:22:52 169745516 0 51033848 34902320 0 41907928
20:23:52 167625200 0 47360168 36455684 0 41907928
20:24:52 165504980 0 43686584 38009048 0 41907928
20:25:52 163470900 0 40013124 39648428 0 41907928
20:26:52 161435820 0 36339688 41286784 0 41907928
20:27:52 161379120 0 36246944 39135688 0 41907928
20:28:52 161494792 0 36246944 36727672 0 41907928
20:29:52 161544500 0 36246944 34085416 0 41907928
20:30:52 161441652 0 36246944 31313008 0 41907928
20:31:52 161426560 0 36246944 28646312 0 41907928
20:32:52 160329352 0 34180568 28319328 0 41907928
20:33:52 158523020 0 30736904 29956660 0 41907928
20:34:52 156373560 0 26949032 31595072 0 41907928
20:35:52 154308552 0 23161408 33317688 0 41907928
20:36:52 152068692 0 19373304 34865932 0 41907928
20:37:52 149806112 0 15585008 36399840 0 41907928
20:38:52 147761868 0 11796932 38135480 0 41907928
20:39:52 145954236 0 8352992 39771788 0 41907928
20:40:52 143827112 0 4564984 41432672 0 41907928
20:41:52 141739824 0 776876 43133492 0 41907928
20:42:52 140967740 0 0 41365988 0 41907928
20:43:52 141286516 0 0 39201232 0 41907928
20:44:52 141254100 0 0 36484820 0 41907928
20:45:52 141405696 0 0 34043300 0 41907928
20:46:52 141413596 0 0 31327528 0 41907928
20:47:52 141689512 0 0 29126136 0 41907928
20:48:52 144966244 0 0 32402868 0 41907928
20:49:52 148315688 0 0 35757432 0 41907928
20:50:52 151746392 0 0 39183016 0 41907928
20:51:52 155020052 0 0 42456676 0 41907928
20:52:52 158151376 0 0 45592096 0 41907928
20:53:52 161379980 0 0 48816604 0 41907928
20:54:53 163170108 0 0 49359204 0 41907928
20:55:53 163804576 0 0 47498636 0 41907928
20:56:53 164439868 0 0 45639136 0 41907928
20:57:53 165074556 0 0 43778836 0 41907928
20:58:53 165754552 0 0 41785692 0 41907928
20:59:53 166389172 0 0 39925356 0 41907928
21:00:53 167093708 0 0 37956748 0 41907928
21:01:53 164620448 0 0 32413632 0 41907928
21:02:53 161025884 0 0 25341868 0 41907928
21:03:53 157219192 0 0 17974796 0 41907928
21:04:53 153620044 0 0 10902624 0 41907928
21:05:53 150091828 0 0 3830796 0 41907928
21:06:53 106236708 0 0 0 0 0